#
# There is insufficient memory for the Java Runtime Environment to continue.
# Native memory allocation (malloc) failed to allocate 1845456 bytes. Error detail: Chunk::new
# Possible reasons:
#   The system is out of physical RAM or swap space
#   This process is running with CompressedOops enabled, and the Java Heap may be blocking the growth of the native heap
# Possible solutions:
#   Reduce memory load on the system
#   Increase physical memory or swap space
#   Check if swap backing store is full
#   Decrease Java heap size (-Xmx/-Xms)
#   Decrease number of Java threads
#   Decrease Java thread stack sizes (-Xss)
#   Set larger code cache with -XX:ReservedCodeCacheSize=
#   JVM is running with Unscaled Compressed Oops mode in which the Java heap is
#     placed in the first 4GB address space. The Java Heap base address is the
#     maximum limit for the native heap growth. Please use -XX:HeapBaseMinAddress
#     to set the Java Heap base and to place the Java Heap above 4GB virtual address.
# This output file may be truncated or incomplete.
#
#  Out of Memory Error (arena.cpp:191), pid=10136, tid=10548
#
# JRE version: OpenJDK Runtime Environment Temurin-17.0.18+8 (17.0.18+8) (build 17.0.18+8)
# Java VM: OpenJDK 64-Bit Server VM Temurin-17.0.18+8 (17.0.18+8, mixed mode, sharing, tiered, compressed oops, compressed class ptrs, g1 gc, windows-amd64)
# No core dump will be written. Minidumps are not enabled by default on client versions of Windows
#

---------------  S U M M A R Y ------------

Command Line: -XX:MaxMetaspaceSize=256m --add-opens=java.base/java.util=ALL-UNNAMED --add-opens=java.base/java.lang=ALL-UNNAMED --add-opens=java.base/java.lang.invoke=ALL-UNNAMED --add-opens=java.prefs/java.util.prefs=ALL-UNNAMED --add-opens=java.base/java.nio.charset=ALL-UNNAMED --add-opens=java.base/java.net=ALL-UNNAMED --add-opens=java.base/java.util.concurrent.atomic=ALL-UNNAMED -Xmx512m -Dfile.encoding=windows-1252 -Duser.country=US -Duser.language=en -Duser.variant org.gradle.launcher.daemon.bootstrap.GradleDaemon 7.6.3

Host: AMD Ryzen 5 5500U with Radeon Graphics         , 12 cores, 7G,  Windows 11 , 64 bit Build 26100 (10.0.26100.8328)
Time: Sat May 23 00:58:53 2026 Central America Standard Time elapsed time: 13.706385 seconds (0d 0h 0m 13s)

---------------  T H R E A D  ---------------

Current thread (0x000001e863fd2e50):  JavaThread "C2 CompilerThread0" daemon [_thread_in_native, id=10548, stack(0x000000ba10f00000,0x000000ba11000000)]


Current CompileTask:
C2:13706 5483       4       org.objectweb.asm.ClassReader::readMethod (1066 bytes)

Stack: [0x000000ba10f00000,0x000000ba11000000]
Native frames: (J=compiled Java code, j=interpreted, Vv=VM code, C=native code)
V  [jvm.dll+0x6846f9]
V  [jvm.dll+0x839ea5]
V  [jvm.dll+0x83b91e]
V  [jvm.dll+0x83bfa3]
V  [jvm.dll+0x248eff]
V  [jvm.dll+0xad496]
V  [jvm.dll+0xadb3c]
V  [jvm.dll+0x368bcf]
V  [jvm.dll+0x333055]
V  [jvm.dll+0x3324ba]
V  [jvm.dll+0x219db9]
V  [jvm.dll+0x219200]
V  [jvm.dll+0x1a4920]
V  [jvm.dll+0x22989a]
V  [jvm.dll+0x227a4b]
V  [jvm.dll+0x7f0658]
V  [jvm.dll+0x7eaaec]
V  [jvm.dll+0x6835c7]
C  [ucrtbase.dll+0x37b0]
C  [KERNEL32.DLL+0x2e957]
C  [ntdll.dll+0x427c]


---------------  P R O C E S S  ---------------

Threads class SMR info:
_java_thread_list=0x000001e86449c4b0, length=36, elements={
0x000001e848fe2640, 0x000001e863faa190, 0x000001e863faca70, 0x000001e863fc73b0,
0x000001e863fc7c80, 0x000001e863fd0570, 0x000001e863fd2250, 0x000001e863fd2e50,
0x000001e863fd3760, 0x000001e863fde2a0, 0x000001e8642436f0, 0x000001e864241da0,
0x000001e864244110, 0x000001e864244620, 0x000001e8642431e0, 0x000001e864245550,
0x000001e864244b30, 0x000001e864245040, 0x000001e8642422b0, 0x000001e8642427c0,
0x000001e864242cd0, 0x000001e864243c00, 0x000001e878539570, 0x000001e8785362d0,
0x000001e8785367e0, 0x000001e878306ef0, 0x000001e878535dc0, 0x000001e878539f90,
0x000001e878539a80, 0x000001e87853a4a0, 0x000001e87853a9b0, 0x000001e878537710,
0x000001e878537200, 0x000001e87853aec0, 0x000001e87853c300, 0x000001e87853cd20
}

Java Threads: ( => current thread )
  0x000001e848fe2640 JavaThread "main" [_thread_blocked, id=11256, stack(0x000000ba10200000,0x000000ba10300000)]
  0x000001e863faa190 JavaThread "Reference Handler" daemon [_thread_blocked, id=32884, stack(0x000000ba10900000,0x000000ba10a00000)]
  0x000001e863faca70 JavaThread "Finalizer" daemon [_thread_blocked, id=33788, stack(0x000000ba10a00000,0x000000ba10b00000)]
  0x000001e863fc73b0 JavaThread "Signal Dispatcher" daemon [_thread_blocked, id=1832, stack(0x000000ba10b00000,0x000000ba10c00000)]
  0x000001e863fc7c80 JavaThread "Attach Listener" daemon [_thread_blocked, id=20596, stack(0x000000ba10c00000,0x000000ba10d00000)]
  0x000001e863fd0570 JavaThread "Service Thread" daemon [_thread_blocked, id=26088, stack(0x000000ba10d00000,0x000000ba10e00000)]
  0x000001e863fd2250 JavaThread "Monitor Deflation Thread" daemon [_thread_blocked, id=12244, stack(0x000000ba10e00000,0x000000ba10f00000)]
=>0x000001e863fd2e50 JavaThread "C2 CompilerThread0" daemon [_thread_in_native, id=10548, stack(0x000000ba10f00000,0x000000ba11000000)]
  0x000001e863fd3760 JavaThread "C1 CompilerThread0" daemon [_thread_blocked, id=13268, stack(0x000000ba11000000,0x000000ba11100000)]
  0x000001e863fde2a0 JavaThread "Sweeper thread" daemon [_thread_blocked, id=30224, stack(0x000000ba11100000,0x000000ba11200000)]
  0x000001e8642436f0 JavaThread "Common-Cleaner" daemon [_thread_blocked, id=18904, stack(0x000000ba11200000,0x000000ba11300000)]
  0x000001e864241da0 JavaThread "Notification Thread" daemon [_thread_blocked, id=17492, stack(0x000000ba11300000,0x000000ba11400000)]
  0x000001e864244110 JavaThread "Daemon health stats" [_thread_blocked, id=8760, stack(0x000000ba11b00000,0x000000ba11c00000)]
  0x000001e864244620 JavaThread "Incoming local TCP Connector on port 54552" [_thread_in_native, id=20164, stack(0x000000ba11c00000,0x000000ba11d00000)]
  0x000001e8642431e0 JavaThread "Daemon periodic checks" [_thread_blocked, id=22720, stack(0x000000ba11d00000,0x000000ba11e00000)]
  0x000001e864245550 JavaThread "Daemon" [_thread_blocked, id=21460, stack(0x000000ba11e00000,0x000000ba11f00000)]
  0x000001e864244b30 JavaThread "Handler for socket connection from /127.0.0.1:54552 to /127.0.0.1:54553" [_thread_in_native, id=11696, stack(0x000000ba11f00000,0x000000ba12000000)]
  0x000001e864245040 JavaThread "Cancel handler" [_thread_blocked, id=30236, stack(0x000000ba12000000,0x000000ba12100000)]
  0x000001e8642422b0 JavaThread "Daemon worker" [_thread_in_Java, id=704, stack(0x000000ba12100000,0x000000ba12200000)]
  0x000001e8642427c0 JavaThread "Asynchronous log dispatcher for DefaultDaemonConnection: socket connection from /127.0.0.1:54552 to /127.0.0.1:54553" [_thread_blocked, id=34212, stack(0x000000ba12200000,0x000000ba12300000)]
  0x000001e864242cd0 JavaThread "Stdin handler" [_thread_blocked, id=18608, stack(0x000000ba12300000,0x000000ba12400000)]
  0x000001e864243c00 JavaThread "Daemon client event forwarder" [_thread_blocked, id=1760, stack(0x000000ba12400000,0x000000ba12500000)]
  0x000001e878539570 JavaThread "Cache worker for journal cache (C:\Users\sotol\.gradle\caches\journal-1)" [_thread_blocked, id=30156, stack(0x000000ba12500000,0x000000ba12600000)]
  0x000001e8785362d0 JavaThread "File lock request listener" [_thread_in_native, id=22912, stack(0x000000ba12600000,0x000000ba12700000)]
  0x000001e8785367e0 JavaThread "Cache worker for file hash cache (C:\Users\sotol\.gradle\caches\7.6.3\fileHashes)" [_thread_blocked, id=35056, stack(0x000000ba11500000,0x000000ba11600000)]
  0x000001e878306ef0 JavaThread "C2 CompilerThread1" daemon [_thread_in_native, id=34196, stack(0x000000ba11a00000,0x000000ba11b00000)]
  0x000001e878535dc0 JavaThread "File watcher server" daemon [_thread_in_native, id=23872, stack(0x000000ba12c00000,0x000000ba12d00000)]
  0x000001e878539f90 JavaThread "File watcher consumer" daemon [_thread_blocked, id=12548, stack(0x000000ba12d00000,0x000000ba12e00000)]
  0x000001e878539a80 JavaThread "Cache worker for checksums cache (C:\Users\sotol\OneDrive - Estudiantes ITCR\Tareas TEC\Quinto Semestre\Bases de Datos\TECAir\mobile\android\.gradle\7.6.3\checksums)" [_thread_blocked, id=12084, stack(0x000000ba12e00000,0x000000ba12f00000)]
  0x000001e87853a4a0 JavaThread "Cache worker for cache directory md-rule (C:\Users\sotol\.gradle\caches\7.6.3\md-rule)" [_thread_blocked, id=2844, stack(0x000000ba12f00000,0x000000ba13000000)]
  0x000001e87853a9b0 JavaThread "Cache worker for file content cache (C:\Users\sotol\.gradle\caches\7.6.3\fileContent)" [_thread_blocked, id=23332, stack(0x000000ba13000000,0x000000ba13100000)]
  0x000001e878537710 JavaThread "Cache worker for file hash cache (C:\Users\sotol\OneDrive - Estudiantes ITCR\Tareas TEC\Quinto Semestre\Bases de Datos\TECAir\mobile\android\.gradle\7.6.3\fileHashes)" [_thread_blocked, id=25212, stack(0x000000ba13100000,0x000000ba13200000)]
  0x000001e878537200 JavaThread "Cache worker for cache directory md-supplier (C:\Users\sotol\.gradle\caches\7.6.3\md-supplier)" [_thread_blocked, id=20476, stack(0x000000ba13200000,0x000000ba13300000)]
  0x000001e87853aec0 JavaThread "Cache worker for execution history cache (C:\Users\sotol\.gradle\caches\7.6.3\executionHistory)" [_thread_blocked, id=31412, stack(0x000000ba13500000,0x000000ba13600000)]
  0x000001e87853c300 JavaThread "jar transforms" [_thread_blocked, id=1784, stack(0x000000ba13600000,0x000000ba13700000)]
  0x000001e87853cd20 JavaThread "Cache worker for kotlin-dsl (C:\Users\sotol\.gradle\caches\7.6.3\kotlin-dsl)" [_thread_blocked, id=28476, stack(0x000000ba13700000,0x000000ba13800000)]

Other Threads:
  0x000001e863fa51a0 VMThread "VM Thread" [stack: 0x000000ba10800000,0x000000ba10900000] [id=30112]
  0x000001e86424bff0 WatcherThread [stack: 0x000000ba11400000,0x000000ba11500000] [id=20292]
  0x000001e849011ec0 GCTaskThread "GC Thread#0" [stack: 0x000000ba10300000,0x000000ba10400000] [id=28404]
  0x000001e87795e550 GCTaskThread "GC Thread#1" [stack: 0x000000ba11700000,0x000000ba11800000] [id=21132]
  0x000001e8771e7780 GCTaskThread "GC Thread#2" [stack: 0x000000ba11800000,0x000000ba11900000] [id=25732]
  0x000001e8646264e0 GCTaskThread "GC Thread#3" [stack: 0x000000ba11900000,0x000000ba11a00000] [id=18712]
  0x000001e86445a120 GCTaskThread "GC Thread#4" [stack: 0x000000ba11600000,0x000000ba11700000] [id=21760]
  0x000001e8781795c0 GCTaskThread "GC Thread#5" [stack: 0x000000ba12700000,0x000000ba12800000] [id=34952]
  0x000001e8787b38a0 GCTaskThread "GC Thread#6" [stack: 0x000000ba12800000,0x000000ba12900000] [id=26900]
  0x000001e879462310 GCTaskThread "GC Thread#7" [stack: 0x000000ba12900000,0x000000ba12a00000] [id=3440]
  0x000001e8794630d0 GCTaskThread "GC Thread#8" [stack: 0x000000ba12a00000,0x000000ba12b00000] [id=32528]
  0x000001e879462890 GCTaskThread "GC Thread#9" [stack: 0x000000ba12b00000,0x000000ba12c00000] [id=33532]
  0x000001e849016d20 ConcurrentGCThread "G1 Main Marker" [stack: 0x000000ba10400000,0x000000ba10500000] [id=33976]
  0x000001e849018320 ConcurrentGCThread "G1 Conc#0" [stack: 0x000000ba10500000,0x000000ba10600000] [id=7800]
  0x000001e8794625d0 ConcurrentGCThread "G1 Conc#1" [stack: 0x000000ba13300000,0x000000ba13400000] [id=16520]
  0x000001e879462b50 ConcurrentGCThread "G1 Conc#2" [stack: 0x000000ba13400000,0x000000ba13500000] [id=24128]
  0x000001e863e640b0 ConcurrentGCThread "G1 Refine#0" [stack: 0x000000ba10600000,0x000000ba10700000] [id=9080]
  0x000001e863e64890 ConcurrentGCThread "G1 Service" [stack: 0x000000ba10700000,0x000000ba10800000] [id=26096]

Threads with active compile tasks:
C2 CompilerThread0  13753 5483       4       org.objectweb.asm.ClassReader::readMethod (1066 bytes)
C2 CompilerThread1  13753 5479       4       org.objectweb.asm.MethodWriter::putMethodInfo (1274 bytes)

VM state: not at safepoint (normal execution)

VM Mutex/Monitor currently owned by a thread: None

Heap address: 0x00000000e0000000, size: 512 MB, Compressed Oops mode: 32-bit

CDS archive(s) mapped at: [0x000001e865000000-0x000001e865bb0000-0x000001e865bb0000), size 12255232, SharedBaseAddress: 0x000001e865000000, ArchiveRelocationMode: 1.
Compressed class space mapped at: 0x000001e866000000-0x000001e873000000, reserved size: 218103808
Narrow klass base: 0x000001e865000000, Narrow klass shift: 0, Narrow klass range: 0x100000000

GC Precious Log:
 CPUs: 12 total, 12 available
 Memory: 7528M
 Large Page Support: Disabled
 NUMA Support: Disabled
 Compressed Oops: Enabled (32-bit)
 Heap Region Size: 1M
 Heap Min Capacity: 8M
 Heap Initial Capacity: 118M
 Heap Max Capacity: 512M
 Pre-touch: Disabled
 Parallel Workers: 10
 Concurrent Workers: 3
 Concurrent Refinement Workers: 10
 Periodic GC: Disabled

Heap:
 garbage-first heap   total 95232K, used 74491K [0x00000000e0000000, 0x0000000100000000)
  region size 1024K, 40 young (40960K), 3 survivors (3072K)
 Metaspace       used 38221K, committed 38656K, reserved 278528K
  class space    used 5286K, committed 5504K, reserved 212992K

Heap Regions: E=young(eden), S=young(survivor), O=old, HS=humongous(starts), HC=humongous(continues), CS=collection set, F=free, OA=open archive, CA=closed archive, TAMS=top-at-mark-start (previous, next)
|   0|0x00000000e0000000, 0x00000000e0100000, 0x00000000e0100000|100%|HS|  |TAMS 0x00000000e0100000, 0x00000000e0100000| Complete 
|   1|0x00000000e0100000, 0x00000000e0200000, 0x00000000e0200000|100%|HC|  |TAMS 0x00000000e0200000, 0x00000000e0200000| Complete 
|   2|0x00000000e0200000, 0x00000000e0300000, 0x00000000e0300000|100%|HC|  |TAMS 0x00000000e0300000, 0x00000000e0300000| Complete 
|   3|0x00000000e0300000, 0x00000000e0400000, 0x00000000e0400000|100%| O|  |TAMS 0x00000000e0400000, 0x00000000e0400000| Untracked 
|   4|0x00000000e0400000, 0x00000000e0500000, 0x00000000e0500000|100%| O|  |TAMS 0x00000000e0500000, 0x00000000e0500000| Untracked 
|   5|0x00000000e0500000, 0x00000000e0600000, 0x00000000e0600000|100%| O|  |TAMS 0x00000000e0600000, 0x00000000e0600000| Untracked 
|   6|0x00000000e0600000, 0x00000000e0700000, 0x00000000e0700000|100%| O|  |TAMS 0x00000000e0700000, 0x00000000e0700000| Untracked 
|   7|0x00000000e0700000, 0x00000000e0800000, 0x00000000e0800000|100%| O|  |TAMS 0x00000000e0800000, 0x00000000e0800000| Untracked 
|   8|0x00000000e0800000, 0x00000000e0900000, 0x00000000e0900000|100%| O|  |TAMS 0x00000000e0900000, 0x00000000e0900000| Untracked 
|   9|0x00000000e0900000, 0x00000000e0a00000, 0x00000000e0a00000|100%| O|  |TAMS 0x00000000e0a00000, 0x00000000e0a00000| Untracked 
|  10|0x00000000e0a00000, 0x00000000e0b00000, 0x00000000e0b00000|100%| O|  |TAMS 0x00000000e0b00000, 0x00000000e0b00000| Untracked 
|  11|0x00000000e0b00000, 0x00000000e0c00000, 0x00000000e0c00000|100%| O|  |TAMS 0x00000000e0c00000, 0x00000000e0c00000| Untracked 
|  12|0x00000000e0c00000, 0x00000000e0d00000, 0x00000000e0d00000|100%| O|  |TAMS 0x00000000e0d00000, 0x00000000e0d00000| Untracked 
|  13|0x00000000e0d00000, 0x00000000e0e00000, 0x00000000e0e00000|100%| O|  |TAMS 0x00000000e0e00000, 0x00000000e0e00000| Untracked 
|  14|0x00000000e0e00000, 0x00000000e0f00000, 0x00000000e0f00000|100%| O|  |TAMS 0x00000000e0f00000, 0x00000000e0f00000| Untracked 
|  15|0x00000000e0f00000, 0x00000000e1000000, 0x00000000e1000000|100%| O|  |TAMS 0x00000000e1000000, 0x00000000e1000000| Untracked 
|  16|0x00000000e1000000, 0x00000000e1100000, 0x00000000e1100000|100%| O|  |TAMS 0x00000000e1100000, 0x00000000e1100000| Untracked 
|  17|0x00000000e1100000, 0x00000000e1200000, 0x00000000e1200000|100%| O|  |TAMS 0x00000000e1200000, 0x00000000e1200000| Untracked 
|  18|0x00000000e1200000, 0x00000000e12a3c00, 0x00000000e1300000| 63%| O|  |TAMS 0x00000000e12a3c00, 0x00000000e12a3c00| Untracked 
|  19|0x00000000e1300000, 0x00000000e1400000, 0x00000000e1400000|100%| O|  |TAMS 0x00000000e1400000, 0x00000000e1400000| Untracked 
|  20|0x00000000e1400000, 0x00000000e1500000, 0x00000000e1500000|100%| O|  |TAMS 0x00000000e1500000, 0x00000000e1500000| Untracked 
|  21|0x00000000e1500000, 0x00000000e1600000, 0x00000000e1600000|100%| O|  |TAMS 0x00000000e1600000, 0x00000000e1600000| Untracked 
|  22|0x00000000e1600000, 0x00000000e1700000, 0x00000000e1700000|100%| O|  |TAMS 0x00000000e1700000, 0x00000000e1700000| Untracked 
|  23|0x00000000e1700000, 0x00000000e1800000, 0x00000000e1800000|100%| O|  |TAMS 0x00000000e1800000, 0x00000000e1800000| Untracked 
|  24|0x00000000e1800000, 0x00000000e1900000, 0x00000000e1900000|100%| O|  |TAMS 0x00000000e1900000, 0x00000000e1900000| Untracked 
|  25|0x00000000e1900000, 0x00000000e1a00000, 0x00000000e1a00000|100%| O|  |TAMS 0x00000000e1900000, 0x00000000e1a00000| Untracked 
|  26|0x00000000e1a00000, 0x00000000e1b00000, 0x00000000e1b00000|100%| O|  |TAMS 0x00000000e1a00000, 0x00000000e1b00000| Untracked 
|  27|0x00000000e1b00000, 0x00000000e1c00000, 0x00000000e1c00000|100%| O|  |TAMS 0x00000000e1b00000, 0x00000000e1c00000| Untracked 
|  28|0x00000000e1c00000, 0x00000000e1d00000, 0x00000000e1d00000|100%| O|  |TAMS 0x00000000e1d00000, 0x00000000e1d00000| Untracked 
|  29|0x00000000e1d00000, 0x00000000e1e00000, 0x00000000e1e00000|100%| O|  |TAMS 0x00000000e1e00000, 0x00000000e1e00000| Untracked 
|  30|0x00000000e1e00000, 0x00000000e1f00000, 0x00000000e1f00000|100%| O|  |TAMS 0x00000000e1e5ec00, 0x00000000e1f00000| Untracked 
|  31|0x00000000e1f00000, 0x00000000e2000000, 0x00000000e2000000|100%| O|  |TAMS 0x00000000e2000000, 0x00000000e2000000| Untracked 
|  32|0x00000000e2000000, 0x00000000e2100000, 0x00000000e2100000|100%| O|  |TAMS 0x00000000e2000000, 0x00000000e2100000| Untracked 
|  33|0x00000000e2100000, 0x00000000e2200000, 0x00000000e2200000|100%| O|  |TAMS 0x00000000e2100000, 0x00000000e211dc00| Untracked 
|  34|0x00000000e2200000, 0x00000000e223d000, 0x00000000e2300000| 23%| O|  |TAMS 0x00000000e2200000, 0x00000000e2200000| Untracked 
|  35|0x00000000e2300000, 0x00000000e2300000, 0x00000000e2400000|  0%| F|  |TAMS 0x00000000e2300000, 0x00000000e2300000| Untracked 
|  36|0x00000000e2400000, 0x00000000e2400000, 0x00000000e2500000|  0%| F|  |TAMS 0x00000000e2400000, 0x00000000e2400000| Untracked 
|  37|0x00000000e2500000, 0x00000000e2500000, 0x00000000e2600000|  0%| F|  |TAMS 0x00000000e2500000, 0x00000000e2500000| Untracked 
|  38|0x00000000e2600000, 0x00000000e2600000, 0x00000000e2700000|  0%| F|  |TAMS 0x00000000e2600000, 0x00000000e2600000| Untracked 
|  39|0x00000000e2700000, 0x00000000e2700000, 0x00000000e2800000|  0%| F|  |TAMS 0x00000000e2700000, 0x00000000e2700000| Untracked 
|  40|0x00000000e2800000, 0x00000000e2800000, 0x00000000e2900000|  0%| F|  |TAMS 0x00000000e2800000, 0x00000000e2800000| Untracked 
|  41|0x00000000e2900000, 0x00000000e2900000, 0x00000000e2a00000|  0%| F|  |TAMS 0x00000000e2900000, 0x00000000e2900000| Untracked 
|  42|0x00000000e2a00000, 0x00000000e2a00000, 0x00000000e2b00000|  0%| F|  |TAMS 0x00000000e2a00000, 0x00000000e2a00000| Untracked 
|  43|0x00000000e2b00000, 0x00000000e2b00000, 0x00000000e2c00000|  0%| F|  |TAMS 0x00000000e2b00000, 0x00000000e2b00000| Untracked 
|  44|0x00000000e2c00000, 0x00000000e2c00000, 0x00000000e2d00000|  0%| F|  |TAMS 0x00000000e2c00000, 0x00000000e2c00000| Untracked 
|  45|0x00000000e2d00000, 0x00000000e2d00000, 0x00000000e2e00000|  0%| F|  |TAMS 0x00000000e2d00000, 0x00000000e2d00000| Untracked 
|  46|0x00000000e2e00000, 0x00000000e2e00000, 0x00000000e2f00000|  0%| F|  |TAMS 0x00000000e2e00000, 0x00000000e2e00000| Untracked 
|  47|0x00000000e2f00000, 0x00000000e2f00000, 0x00000000e3000000|  0%| F|  |TAMS 0x00000000e2f00000, 0x00000000e2f00000| Untracked 
|  48|0x00000000e3000000, 0x00000000e30de3f8, 0x00000000e3100000| 86%| S|CS|TAMS 0x00000000e3000000, 0x00000000e3000000| Complete 
|  49|0x00000000e3100000, 0x00000000e3200000, 0x00000000e3200000|100%| S|CS|TAMS 0x00000000e3100000, 0x00000000e3100000| Complete 
|  50|0x00000000e3200000, 0x00000000e3300000, 0x00000000e3300000|100%| S|CS|TAMS 0x00000000e3200000, 0x00000000e3200000| Complete 
|  51|0x00000000e3300000, 0x00000000e3300000, 0x00000000e3400000|  0%| F|  |TAMS 0x00000000e3300000, 0x00000000e3300000| Untracked 
|  52|0x00000000e3400000, 0x00000000e3400000, 0x00000000e3500000|  0%| F|  |TAMS 0x00000000e3400000, 0x00000000e3400000| Untracked 
|  53|0x00000000e3500000, 0x00000000e3500000, 0x00000000e3600000|  0%| F|  |TAMS 0x00000000e3500000, 0x00000000e3500000| Untracked 
|  54|0x00000000e3600000, 0x00000000e3600000, 0x00000000e3700000|  0%| F|  |TAMS 0x00000000e3600000, 0x00000000e3600000| Untracked 
|  55|0x00000000e3700000, 0x00000000e3780000, 0x00000000e3800000| 50%| E|  |TAMS 0x00000000e3700000, 0x00000000e3700000| Complete 
|  56|0x00000000e3800000, 0x00000000e3900000, 0x00000000e3900000|100%| E|CS|TAMS 0x00000000e3800000, 0x00000000e3800000| Complete 
|  57|0x00000000e3900000, 0x00000000e3a00000, 0x00000000e3a00000|100%| E|CS|TAMS 0x00000000e3900000, 0x00000000e3900000| Complete 
|  58|0x00000000e3a00000, 0x00000000e3b00000, 0x00000000e3b00000|100%| E|CS|TAMS 0x00000000e3a00000, 0x00000000e3a00000| Complete 
|  59|0x00000000e3b00000, 0x00000000e3c00000, 0x00000000e3c00000|100%| E|CS|TAMS 0x00000000e3b00000, 0x00000000e3b00000| Complete 
|  60|0x00000000e3c00000, 0x00000000e3d00000, 0x00000000e3d00000|100%| E|CS|TAMS 0x00000000e3c00000, 0x00000000e3c00000| Complete 
|  61|0x00000000e3d00000, 0x00000000e3e00000, 0x00000000e3e00000|100%| E|CS|TAMS 0x00000000e3d00000, 0x00000000e3d00000| Complete 
|  62|0x00000000e3e00000, 0x00000000e3f00000, 0x00000000e3f00000|100%| E|CS|TAMS 0x00000000e3e00000, 0x00000000e3e00000| Complete 
|  63|0x00000000e3f00000, 0x00000000e4000000, 0x00000000e4000000|100%| E|CS|TAMS 0x00000000e3f00000, 0x00000000e3f00000| Complete 
|  64|0x00000000e4000000, 0x00000000e4100000, 0x00000000e4100000|100%| E|CS|TAMS 0x00000000e4000000, 0x00000000e4000000| Complete 
|  65|0x00000000e4100000, 0x00000000e4200000, 0x00000000e4200000|100%| E|CS|TAMS 0x00000000e4100000, 0x00000000e4100000| Complete 
|  66|0x00000000e4200000, 0x00000000e4300000, 0x00000000e4300000|100%| E|CS|TAMS 0x00000000e4200000, 0x00000000e4200000| Complete 
|  67|0x00000000e4300000, 0x00000000e4400000, 0x00000000e4400000|100%| E|CS|TAMS 0x00000000e4300000, 0x00000000e4300000| Complete 
|  68|0x00000000e4400000, 0x00000000e4500000, 0x00000000e4500000|100%| E|CS|TAMS 0x00000000e4400000, 0x00000000e4400000| Complete 
|  69|0x00000000e4500000, 0x00000000e4600000, 0x00000000e4600000|100%| E|CS|TAMS 0x00000000e4500000, 0x00000000e4500000| Complete 
|  70|0x00000000e4600000, 0x00000000e4700000, 0x00000000e4700000|100%| E|CS|TAMS 0x00000000e4600000, 0x00000000e4600000| Complete 
|  71|0x00000000e4700000, 0x00000000e4800000, 0x00000000e4800000|100%| E|CS|TAMS 0x00000000e4700000, 0x00000000e4700000| Complete 
|  72|0x00000000e4800000, 0x00000000e4900000, 0x00000000e4900000|100%| E|CS|TAMS 0x00000000e4800000, 0x00000000e4800000| Complete 
|  73|0x00000000e4900000, 0x00000000e4a00000, 0x00000000e4a00000|100%| E|CS|TAMS 0x00000000e4900000, 0x00000000e4900000| Complete 
|  74|0x00000000e4a00000, 0x00000000e4b00000, 0x00000000e4b00000|100%| E|CS|TAMS 0x00000000e4a00000, 0x00000000e4a00000| Complete 
|  75|0x00000000e4b00000, 0x00000000e4c00000, 0x00000000e4c00000|100%| E|CS|TAMS 0x00000000e4b00000, 0x00000000e4b00000| Complete 
|  76|0x00000000e4c00000, 0x00000000e4d00000, 0x00000000e4d00000|100%| E|CS|TAMS 0x00000000e4c00000, 0x00000000e4c00000| Complete 
|  77|0x00000000e4d00000, 0x00000000e4e00000, 0x00000000e4e00000|100%| E|CS|TAMS 0x00000000e4d00000, 0x00000000e4d00000| Complete 
|  78|0x00000000e4e00000, 0x00000000e4f00000, 0x00000000e4f00000|100%| E|CS|TAMS 0x00000000e4e00000, 0x00000000e4e00000| Complete 
|  79|0x00000000e4f00000, 0x00000000e5000000, 0x00000000e5000000|100%| E|CS|TAMS 0x00000000e4f00000, 0x00000000e4f00000| Complete 
|  80|0x00000000e5000000, 0x00000000e5100000, 0x00000000e5100000|100%| E|CS|TAMS 0x00000000e5000000, 0x00000000e5000000| Complete 
|  81|0x00000000e5100000, 0x00000000e5200000, 0x00000000e5200000|100%| E|CS|TAMS 0x00000000e5100000, 0x00000000e5100000| Complete 
|  82|0x00000000e5200000, 0x00000000e5300000, 0x00000000e5300000|100%| E|CS|TAMS 0x00000000e5200000, 0x00000000e5200000| Complete 
|  83|0x00000000e5300000, 0x00000000e5400000, 0x00000000e5400000|100%| E|CS|TAMS 0x00000000e5300000, 0x00000000e5300000| Complete 
|  84|0x00000000e5400000, 0x00000000e5500000, 0x00000000e5500000|100%| E|CS|TAMS 0x00000000e5400000, 0x00000000e5400000| Complete 
|  85|0x00000000e5500000, 0x00000000e5600000, 0x00000000e5600000|100%| E|CS|TAMS 0x00000000e5500000, 0x00000000e5500000| Complete 
|  86|0x00000000e5600000, 0x00000000e5700000, 0x00000000e5700000|100%| E|CS|TAMS 0x00000000e5600000, 0x00000000e5600000| Complete 
|  87|0x00000000e5700000, 0x00000000e5800000, 0x00000000e5800000|100%| E|CS|TAMS 0x00000000e5700000, 0x00000000e5700000| Complete 
|  88|0x00000000e5800000, 0x00000000e5900000, 0x00000000e5900000|100%| E|CS|TAMS 0x00000000e5800000, 0x00000000e5800000| Complete 
|  89|0x00000000e5900000, 0x00000000e5a00000, 0x00000000e5a00000|100%| E|CS|TAMS 0x00000000e5900000, 0x00000000e5900000| Complete 
|  90|0x00000000e5a00000, 0x00000000e5b00000, 0x00000000e5b00000|100%| E|CS|TAMS 0x00000000e5a00000, 0x00000000e5a00000| Complete 
|  91|0x00000000e5b00000, 0x00000000e5c00000, 0x00000000e5c00000|100%| E|CS|TAMS 0x00000000e5b00000, 0x00000000e5b00000| Complete 
| 117|0x00000000e7500000, 0x00000000e7600000, 0x00000000e7600000|100%| E|CS|TAMS 0x00000000e7500000, 0x00000000e7500000| Complete 

Card table byte_map: [0x000001e8601a0000,0x000001e8602a0000] _byte_map_base: 0x000001e85faa0000

Marking Bits (Prev, Next): (CMBitMap*) 0x000001e849012430, (CMBitMap*) 0x000001e8490123f0
 Prev Bits: [0x000001e860ba0000, 0x000001e8613a0000)
 Next Bits: [0x000001e8603a0000, 0x000001e860ba0000)

Polling page: 0x000001e846f20000

Metaspace:

Usage:
  Non-class:     32.16 MB used.
      Class:      5.16 MB used.
       Both:     37.33 MB used.

Virtual space:
  Non-class space:       64.00 MB reserved,      32.38 MB ( 51%) committed,  1 nodes.
      Class space:      208.00 MB reserved,       5.38 MB (  3%) committed,  1 nodes.
             Both:      272.00 MB reserved,      37.75 MB ( 14%) committed. 

Chunk freelists:
   Non-Class:  15.41 MB
       Class:  10.44 MB
        Both:  25.84 MB

MaxMetaspaceSize: 256.00 MB
CompressedClassSpaceSize: 208.00 MB
Initial GC threshold: 21.00 MB
Current GC threshold: 62.12 MB
CDS: on
MetaspaceReclaimPolicy: balanced
 - commit_granule_bytes: 65536.
 - commit_granule_words: 8192.
 - virtual_space_node_default_size: 8388608.
 - enlarge_chunks_in_place: 1.
 - new_chunks_are_fully_committed: 0.
 - uncommit_free_chunks: 1.
 - use_allocation_guard: 0.
 - handle_deallocations: 1.


Internal statistics:

num_allocs_failed_limit: 9.
num_arena_births: 460.
num_arena_deaths: 0.
num_vsnodes_births: 2.
num_vsnodes_deaths: 0.
num_space_committed: 604.
num_space_uncommitted: 0.
num_chunks_returned_to_freelist: 9.
num_chunks_taken_from_freelist: 1837.
num_chunk_merges: 9.
num_chunk_splits: 1267.
num_chunks_enlarged: 918.
num_inconsistent_stats: 0.

CodeHeap 'non-profiled nmethods': size=120000Kb used=2554Kb max_used=2554Kb free=117446Kb
 bounds [0x000001e858610000, 0x000001e8588c0000, 0x000001e85fb40000]
CodeHeap 'profiled nmethods': size=120000Kb used=9233Kb max_used=10532Kb free=110766Kb
 bounds [0x000001e850b40000, 0x000001e851590000, 0x000001e858070000]
CodeHeap 'non-nmethods': size=5760Kb used=2305Kb max_used=2372Kb free=3454Kb
 bounds [0x000001e858070000, 0x000001e8582e0000, 0x000001e858610000]
 total_blobs=5342 nmethods=4525 adapters=729
 compilation: enabled
              stopped_count=0, restarted_count=0
 full_count=0

Compilation events (20 events):
Event: 10.420 Thread 0x000001e863fd2e50 nmethod 5477 0x000001e858701f90 code [0x000001e8587021a0, 0x000001e858703520]
Event: 10.420 Thread 0x000001e863fd2e50 5343       4       org.objectweb.asm.Frame::getAbstractTypeFromApiFormat (60 bytes)
Event: 10.430 Thread 0x000001e863fd2e50 nmethod 5343 0x000001e8586eb810 code [0x000001e8586eba00, 0x000001e8586ebf20]
Event: 10.431 Thread 0x000001e863fd2e50 5483       4       org.objectweb.asm.ClassReader::readMethod (1066 bytes)
Event: 10.432 Thread 0x000001e863fd3760 5485       3       org.objectweb.asm.ClassWriter::visitAnnotation (40 bytes)
Event: 10.433 Thread 0x000001e863fd3760 nmethod 5485 0x000001e85142c910 code [0x000001e85142cae0, 0x000001e85142cd78]
Event: 10.433 Thread 0x000001e863fd3760 5486       3       org.objectweb.asm.commons.ClassRemapper::visitAnnotation (29 bytes)
Event: 10.434 Thread 0x000001e863fd3760 nmethod 5486 0x000001e850d11990 code [0x000001e850d11bc0, 0x000001e850d12288]
Event: 12.112 Thread 0x000001e863fd3760 5490   !   2       java.util.stream.ReferencePipeline$7$1::accept (127 bytes)
Event: 12.611 Thread 0x000001e863fd3760 nmethod 5490 0x000001e851465390 code [0x000001e8514655c0, 0x000001e851465bb8]
Event: 12.611 Thread 0x000001e863fd3760 5491       2       java.util.stream.AbstractPipeline::sequential (10 bytes)
Event: 12.611 Thread 0x000001e863fd3760 nmethod 5491 0x000001e8511af610 code [0x000001e8511af7a0, 0x000001e8511af8b8]
Event: 12.618 Thread 0x000001e863fd3760 5492       1       java.net.InetAddress::holder (5 bytes)
Event: 12.618 Thread 0x000001e863fd3760 nmethod 5492 0x000001e85877ee90 code [0x000001e85877f020, 0x000001e85877f0f8]
Event: 12.620 Thread 0x000001e863fd3760 5493       2       java.io.FileDescriptor::valid (25 bytes)
Event: 12.620 Thread 0x000001e863fd3760 nmethod 5493 0x000001e8511b6b10 code [0x000001e8511b6ca0, 0x000001e8511b6dd8]
Event: 12.706 Thread 0x000001e863fd3760 5498       3       org.objectweb.asm.AnnotationWriter::putParameterAnnotations (173 bytes)
Event: 12.706 Thread 0x000001e863fd3760 nmethod 5498 0x000001e850b8ce10 code [0x000001e850b8d060, 0x000001e850b8d6e8]
Event: 13.106 Thread 0x000001e863fd3760 5499       1       java.util.stream.FindOps$FindSink::cancellationRequested (5 bytes)
Event: 13.106 Thread 0x000001e863fd3760 nmethod 5499 0x000001e85866ea10 code [0x000001e85866eba0, 0x000001e85866ec78]

GC Heap History (20 events):
Event: 9.330 GC heap before
{Heap before GC invocations=31 (full 0):
 garbage-first heap   total 95232K, used 80607K [0x00000000e0000000, 0x0000000100000000)
  region size 1024K, 47 young (48128K), 3 survivors (3072K)
 Metaspace       used 38165K, committed 38592K, reserved 278528K
  class space    used 5276K, committed 5504K, reserved 212992K
}
Event: 9.332 GC heap after
{Heap after GC invocations=32 (full 0):
 garbage-first heap   total 95232K, used 35650K [0x00000000e0000000, 0x0000000100000000)
  region size 1024K, 3 young (3072K), 3 survivors (3072K)
 Metaspace       used 38165K, committed 38592K, reserved 278528K
  class space    used 5276K, committed 5504K, reserved 212992K
}
Event: 9.401 GC heap before
{Heap before GC invocations=32 (full 0):
 garbage-first heap   total 95232K, used 80706K [0x00000000e0000000, 0x0000000100000000)
  region size 1024K, 47 young (48128K), 3 survivors (3072K)
 Metaspace       used 38165K, committed 38592K, reserved 278528K
  class space    used 5276K, committed 5504K, reserved 212992K
}
Event: 9.403 GC heap after
{Heap after GC invocations=33 (full 0):
 garbage-first heap   total 95232K, used 35716K [0x00000000e0000000, 0x0000000100000000)
  region size 1024K, 3 young (3072K), 3 survivors (3072K)
 Metaspace       used 38165K, committed 38592K, reserved 278528K
  class space    used 5276K, committed 5504K, reserved 212992K
}
Event: 9.478 GC heap before
{Heap before GC invocations=33 (full 0):
 garbage-first heap   total 95232K, used 80772K [0x00000000e0000000, 0x0000000100000000)
  region size 1024K, 47 young (48128K), 3 survivors (3072K)
 Metaspace       used 38166K, committed 38592K, reserved 278528K
  class space    used 5276K, committed 5504K, reserved 212992K
}
Event: 9.481 GC heap after
{Heap after GC invocations=34 (full 0):
 garbage-first heap   total 95232K, used 35871K [0x00000000e0000000, 0x0000000100000000)
  region size 1024K, 3 young (3072K), 3 survivors (3072K)
 Metaspace       used 38166K, committed 38592K, reserved 278528K
  class space    used 5276K, committed 5504K, reserved 212992K
}
Event: 9.595 GC heap before
{Heap before GC invocations=34 (full 0):
 garbage-first heap   total 95232K, used 65567K [0x00000000e0000000, 0x0000000100000000)
  region size 1024K, 25 young (25600K), 3 survivors (3072K)
 Metaspace       used 38170K, committed 38656K, reserved 278528K
  class space    used 5276K, committed 5504K, reserved 212992K
}
Event: 9.598 GC heap after
{Heap after GC invocations=35 (full 0):
 garbage-first heap   total 95232K, used 35986K [0x00000000e0000000, 0x0000000100000000)
  region size 1024K, 3 young (3072K), 3 survivors (3072K)
 Metaspace       used 38170K, committed 38656K, reserved 278528K
  class space    used 5276K, committed 5504K, reserved 212992K
}
Event: 9.872 GC heap before
{Heap before GC invocations=35 (full 0):
 garbage-first heap   total 95232K, used 82066K [0x00000000e0000000, 0x0000000100000000)
  region size 1024K, 46 young (47104K), 3 survivors (3072K)
 Metaspace       used 38173K, committed 38656K, reserved 278528K
  class space    used 5276K, committed 5504K, reserved 212992K
}
Event: 9.875 GC heap after
{Heap after GC invocations=36 (full 0):
 garbage-first heap   total 95232K, used 36249K [0x00000000e0000000, 0x0000000100000000)
  region size 1024K, 3 young (3072K), 3 survivors (3072K)
 Metaspace       used 38173K, committed 38656K, reserved 278528K
  class space    used 5276K, committed 5504K, reserved 212992K
}
Event: 10.058 GC heap before
{Heap before GC invocations=36 (full 0):
 garbage-first heap   total 95232K, used 80281K [0x00000000e0000000, 0x0000000100000000)
  region size 1024K, 46 young (47104K), 3 survivors (3072K)
 Metaspace       used 38176K, committed 38656K, reserved 278528K
  class space    used 5277K, committed 5504K, reserved 212992K
}
Event: 10.063 GC heap after
{Heap after GC invocations=37 (full 0):
 garbage-first heap   total 95232K, used 36651K [0x00000000e0000000, 0x0000000100000000)
  region size 1024K, 3 young (3072K), 3 survivors (3072K)
 Metaspace       used 38176K, committed 38656K, reserved 278528K
  class space    used 5277K, committed 5504K, reserved 212992K
}
Event: 10.257 GC heap before
{Heap before GC invocations=37 (full 0):
 garbage-first heap   total 95232K, used 80683K [0x00000000e0000000, 0x0000000100000000)
  region size 1024K, 46 young (47104K), 3 survivors (3072K)
 Metaspace       used 38176K, committed 38656K, reserved 278528K
  class space    used 5277K, committed 5504K, reserved 212992K
}
Event: 10.261 GC heap after
{Heap after GC invocations=38 (full 0):
 garbage-first heap   total 95232K, used 36732K [0x00000000e0000000, 0x0000000100000000)
  region size 1024K, 3 young (3072K), 3 survivors (3072K)
 Metaspace       used 38176K, committed 38656K, reserved 278528K
  class space    used 5277K, committed 5504K, reserved 212992K
}
Event: 10.421 GC heap before
{Heap before GC invocations=38 (full 0):
 garbage-first heap   total 95232K, used 80764K [0x00000000e0000000, 0x0000000100000000)
  region size 1024K, 46 young (47104K), 3 survivors (3072K)
 Metaspace       used 38176K, committed 38656K, reserved 278528K
  class space    used 5277K, committed 5504K, reserved 212992K
}
Event: 10.424 GC heap after
{Heap after GC invocations=39 (full 0):
 garbage-first heap   total 95232K, used 36967K [0x00000000e0000000, 0x0000000100000000)
  region size 1024K, 3 young (3072K), 3 survivors (3072K)
 Metaspace       used 38176K, committed 38656K, reserved 278528K
  class space    used 5277K, committed 5504K, reserved 212992K
}
Event: 11.560 GC heap before
{Heap before GC invocations=39 (full 0):
 garbage-first heap   total 95232K, used 80999K [0x00000000e0000000, 0x0000000100000000)
  region size 1024K, 46 young (47104K), 3 survivors (3072K)
 Metaspace       used 38176K, committed 38656K, reserved 278528K
  class space    used 5277K, committed 5504K, reserved 212992K
}
Event: 11.563 GC heap after
{Heap after GC invocations=40 (full 0):
 garbage-first heap   total 95232K, used 37354K [0x00000000e0000000, 0x0000000100000000)
  region size 1024K, 3 young (3072K), 3 survivors (3072K)
 Metaspace       used 38176K, committed 38656K, reserved 278528K
  class space    used 5277K, committed 5504K, reserved 212992K
}
Event: 12.656 GC heap before
{Heap before GC invocations=40 (full 0):
 garbage-first heap   total 95232K, used 80362K [0x00000000e0000000, 0x0000000100000000)
  region size 1024K, 45 young (46080K), 3 survivors (3072K)
 Metaspace       used 38221K, committed 38656K, reserved 278528K
  class space    used 5286K, committed 5504K, reserved 212992K
}
Event: 12.659 GC heap after
{Heap after GC invocations=41 (full 0):
 garbage-first heap   total 95232K, used 37627K [0x00000000e0000000, 0x0000000100000000)
  region size 1024K, 3 young (3072K), 3 survivors (3072K)
 Metaspace       used 38221K, committed 38656K, reserved 278528K
  class space    used 5286K, committed 5504K, reserved 212992K
}

Dll operation events (13 events):
Event: 0.014 Loaded shared library C:\Program Files\Eclipse Adoptium\jdk-17.0.18.8-hotspot\bin\java.dll
Event: 0.035 Loaded shared library C:\Program Files\Eclipse Adoptium\jdk-17.0.18.8-hotspot\bin\jsvml.dll
Event: 0.074 Loaded shared library C:\Program Files\Eclipse Adoptium\jdk-17.0.18.8-hotspot\bin\net.dll
Event: 0.076 Loaded shared library C:\Program Files\Eclipse Adoptium\jdk-17.0.18.8-hotspot\bin\nio.dll
Event: 0.081 Loaded shared library C:\Program Files\Eclipse Adoptium\jdk-17.0.18.8-hotspot\bin\zip.dll
Event: 0.216 Loaded shared library C:\Program Files\Eclipse Adoptium\jdk-17.0.18.8-hotspot\bin\jimage.dll
Event: 0.289 Loaded shared library C:\Program Files\Eclipse Adoptium\jdk-17.0.18.8-hotspot\bin\verify.dll
Event: 0.494 Loaded shared library C:\Users\sotol\.gradle\native\c067742578af261105cb4f569cf0c3c89f3d7b1fecec35dd04571415982c5e48\windows-amd64\native-platform.dll
Event: 0.516 Loaded shared library C:\Users\sotol\.gradle\native\38dada09dfb8b06ba9b0570ebf7e218e3eb74d4ef43ca46872605cf95ebc2f47\windows-amd64\native-platform-file-events.dll
Event: 2.060 Loaded shared library C:\Program Files\Eclipse Adoptium\jdk-17.0.18.8-hotspot\bin\management.dll
Event: 2.064 Loaded shared library C:\Program Files\Eclipse Adoptium\jdk-17.0.18.8-hotspot\bin\management_ext.dll
Event: 2.318 Loaded shared library C:\Program Files\Eclipse Adoptium\jdk-17.0.18.8-hotspot\bin\extnet.dll
Event: 2.520 Loaded shared library C:\Program Files\Eclipse Adoptium\jdk-17.0.18.8-hotspot\bin\sunmscapi.dll

Deoptimization events (20 events):
Event: 9.364 Thread 0x000001e8642422b0 Uncommon trap: trap_request=0xffffffbe fr.pc=0x000001e858648ae4 relative=0x0000000000000de4
Event: 9.364 Thread 0x000001e8642422b0 Uncommon trap: reason=profile_predicate action=maybe_recompile pc=0x000001e858648ae4 method=org.objectweb.asm.MethodWriter.putFrame()V @ 253 c2
Event: 9.364 Thread 0x000001e8642422b0 DEOPT PACKING pc=0x000001e858648ae4 sp=0x000000ba121f5600
Event: 9.364 Thread 0x000001e8642422b0 DEOPT UNPACKING pc=0x000001e8580c69a3 sp=0x000000ba121f5580 mode 2
Event: 9.365 Thread 0x000001e8642422b0 Uncommon trap: trap_request=0xffffffbe fr.pc=0x000001e858648ae4 relative=0x0000000000000de4
Event: 9.365 Thread 0x000001e8642422b0 Uncommon trap: reason=profile_predicate action=maybe_recompile pc=0x000001e858648ae4 method=org.objectweb.asm.MethodWriter.putFrame()V @ 253 c2
Event: 9.365 Thread 0x000001e8642422b0 DEOPT PACKING pc=0x000001e858648ae4 sp=0x000000ba121f5600
Event: 9.365 Thread 0x000001e8642422b0 DEOPT UNPACKING pc=0x000001e8580c69a3 sp=0x000000ba121f5580 mode 2
Event: 9.365 Thread 0x000001e8642422b0 Uncommon trap: trap_request=0xffffffbe fr.pc=0x000001e858648ae4 relative=0x0000000000000de4
Event: 9.365 Thread 0x000001e8642422b0 Uncommon trap: reason=profile_predicate action=maybe_recompile pc=0x000001e858648ae4 method=org.objectweb.asm.MethodWriter.putFrame()V @ 253 c2
Event: 9.365 Thread 0x000001e8642422b0 DEOPT PACKING pc=0x000001e858648ae4 sp=0x000000ba121f5600
Event: 9.365 Thread 0x000001e8642422b0 DEOPT UNPACKING pc=0x000001e8580c69a3 sp=0x000000ba121f5580 mode 2
Event: 9.621 Thread 0x000001e8642422b0 DEOPT PACKING pc=0x000001e8514fa030 sp=0x000000ba121f5ea0
Event: 9.621 Thread 0x000001e8642422b0 DEOPT UNPACKING pc=0x000001e8580c7143 sp=0x000000ba121f5380 mode 0
Event: 9.682 Thread 0x000001e8642422b0 DEOPT PACKING pc=0x000001e8514fa030 sp=0x000000ba121f5ea0
Event: 9.682 Thread 0x000001e8642422b0 DEOPT UNPACKING pc=0x000001e8580c7143 sp=0x000000ba121f5380 mode 0
Event: 9.707 Thread 0x000001e8642422b0 DEOPT PACKING pc=0x000001e8514fa030 sp=0x000000ba121f5ea0
Event: 9.707 Thread 0x000001e8642422b0 DEOPT UNPACKING pc=0x000001e8580c7143 sp=0x000000ba121f5380 mode 0
Event: 9.754 Thread 0x000001e8642422b0 DEOPT PACKING pc=0x000001e8514fa030 sp=0x000000ba121f5ea0
Event: 9.754 Thread 0x000001e8642422b0 DEOPT UNPACKING pc=0x000001e8580c7143 sp=0x000000ba121f5380 mode 0

Classes loaded (20 events):
Event: 6.876 Loading class java/lang/invoke/BoundMethodHandle$Species_LLLLLLLLLLLLLLLLLLL
Event: 6.876 Loading class java/lang/invoke/BoundMethodHandle$Species_LLLLLLLLLLLLLLLLLLL done
Event: 6.879 Loading class java/lang/invoke/BoundMethodHandle$Species_LLLLLLLLLLLLLLLLLLLL
Event: 6.879 Loading class java/lang/invoke/BoundMethodHandle$Species_LLLLLLLLLLLLLLLLLLLL done
Event: 6.881 Loading class java/lang/invoke/BoundMethodHandle$Species_LLLLLLLLLLLLLLLLLLLLL
Event: 6.881 Loading class java/lang/invoke/BoundMethodHandle$Species_LLLLLLLLLLLLLLLLLLLLL done
Event: 6.960 Loading class sun/nio/fs/WindowsException
Event: 6.961 Loading class sun/nio/fs/WindowsException done
Event: 6.966 Loading class java/nio/charset/UnsupportedCharsetException
Event: 6.966 Loading class java/nio/charset/UnsupportedCharsetException done
Event: 6.967 Loading class java/util/zip/Deflater
Event: 6.967 Loading class java/util/zip/Deflater done
Event: 6.968 Loading class java/util/zip/Deflater$DeflaterZStreamRef
Event: 6.968 Loading class java/util/zip/Deflater$DeflaterZStreamRef done
Event: 9.015 Loading class java/util/regex/Pattern$Caret
Event: 9.016 Loading class java/util/regex/Pattern$Caret done
Event: 12.501 Loading class java/util/concurrent/LinkedBlockingDeque$Itr
Event: 12.611 Loading class java/util/concurrent/LinkedBlockingDeque$AbstractItr
Event: 12.611 Loading class java/util/concurrent/LinkedBlockingDeque$AbstractItr done
Event: 12.612 Loading class java/util/concurrent/LinkedBlockingDeque$Itr done

Classes unloaded (0 events):
No events

Classes redefined (0 events):
No events

Internal exceptions (20 events):
Event: 6.638 Thread 0x000001e8642422b0 Exception <a 'java/lang/ClassNotFoundException'{0x00000000e519b830}: org/gradle/plugin/management/internal/DefaultPluginManagementSpecCustomizer> (0x00000000e519b830) 
thrown [s\src\hotspot\share\classfile\systemDictionary.cpp, line 256]
Event: 6.640 Thread 0x000001e8642422b0 Exception <a 'java/lang/ClassNotFoundException'{0x00000000e51bf1e0}: org/gradle/plugin/management/internal/DefaultPluginManagementSpec_DecoratedCustomizer> (0x00000000e51bf1e0) 
thrown [s\src\hotspot\share\classfile\systemDictionary.cpp, line 256]
Event: 6.670 Thread 0x000001e8642422b0 Exception <a 'java/lang/ClassNotFoundException'{0x00000000e50abf60}: org/gradle/plugin/use/internal/PluginRequestCollector$PluginDependenciesSpecImplBeanInfo> (0x00000000e50abf60) 
thrown [s\src\hotspot\share\classfile\systemDictionary.cpp, line 256]
Event: 6.671 Thread 0x000001e8642422b0 Exception <a 'java/lang/ClassNotFoundException'{0x00000000e50bc700}: org/gradle/plugin/use/internal/PluginRequestCollector$PluginDependenciesSpecImplCustomizer> (0x00000000e50bc700) 
thrown [s\src\hotspot\share\classfile\systemDictionary.cpp, line 256]
Event: 6.750 Thread 0x000001e8642422b0 Exception <a 'java/lang/NoSuchMethodError'{0x00000000e45155e8}: 'void java.lang.invoke.DirectMethodHandle$Holder.invokeInterface(java.lang.Object, java.lang.Object)'> (0x00000000e45155e8) 
thrown [s\src\hotspot\share\interpreter\linkResolver.cpp, line 759]
Event: 6.810 Thread 0x000001e8642422b0 Exception <a 'java/lang/NoSuchMethodError'{0x00000000e43637a0}: 'java.lang.Object java.lang.invoke.DirectMethodHandle$Holder.invokeSpecial(java.lang.Object, java.lang.Object, java.lang.Object, java.lang.Object, java.lang.Object, java.lang.Object, java.lang.Object, java.lang.Object, java.lang.Object, java.lang.Object)'> (0x00000000e43637a0) 
thrown [s\src\hotspot\share\interpreter\linkResolver.cpp, line 759]
Event: 6.811 Thread 0x000001e8642422b0 Exception <a 'java/lang/NoSuchMethodError'{0x00000000e436cb70}: 'java.lang.Object java.lang.invoke.Invokers$Holder.invoker(java.lang.Object, java.lang.Object, java.lang.Object, java.lang.Object, java.lang.Object, java.lang.Object, java.lang.Object, java.lang.Object, java.lang.Object)'> (0x00000000e436cb70) 
thrown [s\src\hotspot\share\interpreter\linkResolver.cpp, line 759]
Event: 6.831 Thread 0x000001e8642422b0 Exception <a 'java/lang/NoSuchMethodError'{0x00000000e43fb988}: 'java.lang.Object java.lang.invoke.Invokers$Holder.invoker(java.lang.Object, java.lang.Object, java.lang.Object, java.lang.Object)'> (0x00000000e43fb988) 
thrown [s\src\hotspot\share\interpreter\linkResolver.cpp, line 759]
Event: 6.856 Thread 0x000001e8642422b0 Exception <a 'java/lang/NoSuchMethodError'{0x00000000e4299970}: 'java.lang.Object java.lang.invoke.DelegatingMethodHandle$Holder.reinvoke_L(java.lang.Object, java.lang.Object, java.lang.Object, java.lang.Object, java.lang.Object, java.lang.Object, java.lang.Object, java.lang.Object, java.lang.Object, java.lang.Object, java.lang.Object, java.lang.Object, java.lang.Object, java.lang.Object, java.lang.Object, java.lang.Object, java.lang.Object, java.lang.Object, java.lang.Object, java.lang.Object, java.lang.O
Event: 6.857 Thread 0x000001e8642422b0 Exception <a 'java/lang/NoSuchMethodError'{0x00000000e42a5690}: 'java.lang.Object java.lang.invoke.Invokers$Holder.invoker(java.lang.Object, java.lang.Object, java.lang.Object, java.lang.Object, java.lang.Object, java.lang.Object, java.lang.Object, java.lang.Object, java.lang.Object, java.lang.Object, java.lang.Object, java.lang.Object, java.lang.Object, java.lang.Object, java.lang.Object, java.lang.Object, java.lang.Object, java.lang.Object, java.lang.Object, java.lang.Object, java.lang.Object)'> (0x00000
Event: 6.857 Thread 0x000001e8642422b0 Exception <a 'java/lang/NoSuchMethodError'{0x00000000e42ac598}: 'java.lang.Object java.lang.invoke.DelegatingMethodHandle$Holder.delegate(java.lang.Object, java.lang.Object, java.lang.Object, java.lang.Object, java.lang.Object, java.lang.Object, java.lang.Object, java.lang.Object, java.lang.Object, java.lang.Object, java.lang.Object, java.lang.Object, java.lang.Object, java.lang.Object, java.lang.Object, java.lang.Object, java.lang.Object, java.lang.Object, java.lang.Object, java.lang.Object, java.lang.Obj
Event: 6.866 Thread 0x000001e8642422b0 Exception <a 'java/lang/NoSuchMethodError'{0x00000000e4133048}: 'java.lang.Object java.lang.invoke.DirectMethodHandle$Holder.invokeStatic(java.lang.Object, java.lang.Object, java.lang.Object, java.lang.Object, java.lang.Object, java.lang.Object, java.lang.Object, java.lang.Object, java.lang.Object, java.lang.Object, java.lang.Object, java.lang.Object, java.lang.Object, java.lang.Object, java.lang.Object, java.lang.Object, java.lang.Object)'> (0x00000000e4133048) 
thrown [s\src\hotspot\share\interpreter\lin
Event: 6.868 Thread 0x000001e8642422b0 Exception <a 'java/lang/NoSuchMethodError'{0x00000000e415b1b8}: 'java.lang.Object java.lang.invoke.DirectMethodHandle$Holder.invokeStatic(java.lang.Object, java.lang.Object, java.lang.Object, java.lang.Object, java.lang.Object, java.lang.Object, java.lang.Object, java.lang.Object, java.lang.Object, java.lang.Object, java.lang.Object, java.lang.Object, java.lang.Object, java.lang.Object, java.lang.Object, java.lang.Object, java.lang.Object, java.lang.Object)'> (0x00000000e415b1b8) 
thrown [s\src\hotspot\sha
Event: 6.871 Thread 0x000001e8642422b0 Exception <a 'java/lang/NoSuchMethodError'{0x00000000e4183f98}: 'java.lang.Object java.lang.invoke.DirectMethodHandle$Holder.invokeStatic(java.lang.Object, java.lang.Object, java.lang.Object, java.lang.Object, java.lang.Object, java.lang.Object, java.lang.Object, java.lang.Object, java.lang.Object, java.lang.Object, java.lang.Object, java.lang.Object, java.lang.Object, java.lang.Object, java.lang.Object, java.lang.Object, java.lang.Object, java.lang.Object, java.lang.Object)'> (0x00000000e4183f98) 
thrown 
Event: 6.873 Thread 0x000001e8642422b0 Exception <a 'java/lang/NoSuchMethodError'{0x00000000e41addf0}: 'java.lang.Object java.lang.invoke.DirectMethodHandle$Holder.invokeStatic(java.lang.Object, java.lang.Object, java.lang.Object, java.lang.Object, java.lang.Object, java.lang.Object, java.lang.Object, java.lang.Object, java.lang.Object, java.lang.Object, java.lang.Object, java.lang.Object, java.lang.Object, java.lang.Object, java.lang.Object, java.lang.Object, java.lang.Object, java.lang.Object, java.lang.Object, java.lang.Object)'> (0x00000000
Event: 6.875 Thread 0x000001e8642422b0 Exception <a 'java/lang/NoSuchMethodError'{0x00000000e41d8ca8}: 'java.lang.Object java.lang.invoke.DirectMethodHandle$Holder.invokeStatic(java.lang.Object, java.lang.Object, java.lang.Object, java.lang.Object, java.lang.Object, java.lang.Object, java.lang.Object, java.lang.Object, java.lang.Object, java.lang.Object, java.lang.Object, java.lang.Object, java.lang.Object, java.lang.Object, java.lang.Object, java.lang.Object, java.lang.Object, java.lang.Object, java.lang.Object, java.lang.Object, java.lang.Obj
Event: 6.877 Thread 0x000001e8642422b0 Exception <a 'java/lang/NoSuchMethodError'{0x00000000e4005b00}: 'java.lang.Object java.lang.invoke.DirectMethodHandle$Holder.invokeStatic(java.lang.Object, java.lang.Object, java.lang.Object, java.lang.Object, java.lang.Object, java.lang.Object, java.lang.Object, java.lang.Object, java.lang.Object, java.lang.Object, java.lang.Object, java.lang.Object, java.lang.Object, java.lang.Object, java.lang.Object, java.lang.Object, java.lang.Object, java.lang.Object, java.lang.Object, java.lang.Object, java.lang.Obj
Event: 6.880 Thread 0x000001e8642422b0 Exception <a 'java/lang/NoSuchMethodError'{0x00000000e4032df0}: 'java.lang.Object java.lang.invoke.DirectMethodHandle$Holder.invokeStatic(java.lang.Object, java.lang.Object, java.lang.Object, java.lang.Object, java.lang.Object, java.lang.Object, java.lang.Object, java.lang.Object, java.lang.Object, java.lang.Object, java.lang.Object, java.lang.Object, java.lang.Object, java.lang.Object, java.lang.Object, java.lang.Object, java.lang.Object, java.lang.Object, java.lang.Object, java.lang.Object, java.lang.Obj
Event: 6.882 Thread 0x000001e8642422b0 Exception <a 'java/lang/NoSuchMethodError'{0x00000000e4061998}: 'java.lang.Object java.lang.invoke.DirectMethodHandle$Holder.invokeStatic(java.lang.Object, java.lang.Object, java.lang.Object, java.lang.Object, java.lang.Object, java.lang.Object, java.lang.Object, java.lang.Object, java.lang.Object, java.lang.Object, java.lang.Object, java.lang.Object, java.lang.Object, java.lang.Object, java.lang.Object, java.lang.Object, java.lang.Object, java.lang.Object, java.lang.Object, java.lang.Object, java.lang.Obj
Event: 6.961 Thread 0x000001e8642422b0 Exception <a 'sun/nio/fs/WindowsException'{0x00000000e315eea0}> (0x00000000e315eea0) 
thrown [s\src\hotspot\share\prims\jni.cpp, line 516]

VM Operations (20 events):
Event: 9.871 Executing VM operation: G1CollectForAllocation
Event: 9.875 Executing VM operation: G1CollectForAllocation done
Event: 10.058 Executing VM operation: G1CollectForAllocation
Event: 10.063 Executing VM operation: G1CollectForAllocation done
Event: 10.257 Executing VM operation: G1CollectForAllocation
Event: 10.261 Executing VM operation: G1CollectForAllocation done
Event: 10.421 Executing VM operation: G1CollectForAllocation
Event: 10.424 Executing VM operation: G1CollectForAllocation done
Event: 11.429 Executing VM operation: Cleanup
Event: 11.429 Executing VM operation: Cleanup done
Event: 11.560 Executing VM operation: G1CollectForAllocation
Event: 11.563 Executing VM operation: G1CollectForAllocation done
Event: 12.622 Executing VM operation: HandshakeAllThreads
Event: 12.622 Executing VM operation: HandshakeAllThreads done
Event: 12.622 Executing VM operation: Cleanup
Event: 12.622 Executing VM operation: Cleanup done
Event: 12.656 Executing VM operation: G1CollectForAllocation
Event: 12.659 Executing VM operation: G1CollectForAllocation done
Event: 13.666 Executing VM operation: Cleanup
Event: 13.666 Executing VM operation: Cleanup done

Memory protections (0 events):
No events

Nmethod flushes (20 events):
Event: 7.586 Thread 0x000001e863fde2a0 flushing  nmethod 0x000001e851463b90
Event: 7.586 Thread 0x000001e863fde2a0 flushing  nmethod 0x000001e851464210
Event: 7.586 Thread 0x000001e863fde2a0 flushing  nmethod 0x000001e851464a90
Event: 7.586 Thread 0x000001e863fde2a0 flushing  nmethod 0x000001e851465d90
Event: 7.586 Thread 0x000001e863fde2a0 flushing  nmethod 0x000001e851466910
Event: 7.586 Thread 0x000001e863fde2a0 flushing  nmethod 0x000001e851469090
Event: 7.586 Thread 0x000001e863fde2a0 flushing  nmethod 0x000001e851469e10
Event: 7.587 Thread 0x000001e863fde2a0 flushing  nmethod 0x000001e851502e90
Event: 7.587 Thread 0x000001e863fde2a0 flushing  nmethod 0x000001e851505990
Event: 7.587 Thread 0x000001e863fde2a0 flushing  nmethod 0x000001e851508010
Event: 7.587 Thread 0x000001e863fde2a0 flushing  nmethod 0x000001e85150a610
Event: 7.587 Thread 0x000001e863fde2a0 flushing  nmethod 0x000001e85150aa10
Event: 7.587 Thread 0x000001e863fde2a0 flushing  nmethod 0x000001e85150b410
Event: 7.587 Thread 0x000001e863fde2a0 flushing  nmethod 0x000001e85150c110
Event: 7.587 Thread 0x000001e863fde2a0 flushing  nmethod 0x000001e85150d410
Event: 7.587 Thread 0x000001e863fde2a0 flushing  nmethod 0x000001e85150ec10
Event: 7.587 Thread 0x000001e863fde2a0 flushing  nmethod 0x000001e85150f590
Event: 7.587 Thread 0x000001e863fde2a0 flushing  nmethod 0x000001e85150f910
Event: 7.587 Thread 0x000001e863fde2a0 flushing  nmethod 0x000001e851511890
Event: 7.587 Thread 0x000001e863fde2a0 flushing  nmethod 0x000001e851511e10

Events (20 events):
Event: 2.592 Thread 0x000001e864245550 Thread added: 0x000001e8642422b0
Event: 2.604 Thread 0x000001e8642422b0 Thread added: 0x000001e8642427c0
Event: 2.607 Thread 0x000001e8642422b0 Thread added: 0x000001e864242cd0
Event: 2.621 Thread 0x000001e8642422b0 Thread added: 0x000001e864243c00
Event: 2.777 Thread 0x000001e8642422b0 Thread added: 0x000001e878539570
Event: 2.810 Thread 0x000001e8642422b0 Thread added: 0x000001e8785362d0
Event: 2.924 Thread 0x000001e8781257b0 Thread exited: 0x000001e8781257b0
Event: 2.924 Thread 0x000001e8643e8670 Thread exited: 0x000001e8643e8670
Event: 3.154 Thread 0x000001e8642422b0 Thread added: 0x000001e8785367e0
Event: 3.542 Thread 0x000001e863fd3760 Thread added: 0x000001e878306ef0
Event: 4.016 Thread 0x000001e8642422b0 Thread added: 0x000001e878535dc0
Event: 4.032 Thread 0x000001e8642422b0 Thread added: 0x000001e878539f90
Event: 4.327 Thread 0x000001e8642422b0 Thread added: 0x000001e878539a80
Event: 4.372 Thread 0x000001e8642422b0 Thread added: 0x000001e87853a4a0
Event: 4.400 Thread 0x000001e8642422b0 Thread added: 0x000001e87853a9b0
Event: 4.534 Thread 0x000001e8642422b0 Thread added: 0x000001e878537710
Event: 4.559 Thread 0x000001e8642422b0 Thread added: 0x000001e878537200
Event: 4.720 Thread 0x000001e8642422b0 Thread added: 0x000001e87853aec0
Event: 6.474 Thread 0x000001e8642422b0 Thread added: 0x000001e87853c300
Event: 6.849 Thread 0x000001e8642422b0 Thread added: 0x000001e87853cd20


Dynamic libraries:
0x00007ff775050000 - 0x00007ff77505e000 	C:\Program Files\Eclipse Adoptium\jdk-17.0.18.8-hotspot\bin\java.exe
0x00007ff94c720000 - 0x00007ff94c987000 	C:\WINDOWS\SYSTEM32\ntdll.dll
0x00007ff94bbc0000 - 0x00007ff94bc89000 	C:\WINDOWS\System32\KERNEL32.DLL
0x00007ff949430000 - 0x00007ff949827000 	C:\WINDOWS\System32\KERNELBASE.dll
0x00007ff949830000 - 0x00007ff94997b000 	C:\WINDOWS\System32\ucrtbase.dll
0x00007ff938220000 - 0x00007ff93823e000 	C:\Program Files\Eclipse Adoptium\jdk-17.0.18.8-hotspot\bin\VCRUNTIME140.dll
0x00007ff937740000 - 0x00007ff937758000 	C:\Program Files\Eclipse Adoptium\jdk-17.0.18.8-hotspot\bin\jli.dll
0x00007ff94a640000 - 0x00007ff94a806000 	C:\WINDOWS\System32\USER32.dll
0x00007ff949150000 - 0x00007ff949177000 	C:\WINDOWS\System32\win32u.dll
0x00007ff94a810000 - 0x00007ff94a83b000 	C:\WINDOWS\System32\GDI32.dll
0x00007ff948550000 - 0x00007ff9487e2000 	C:\WINDOWS\WinSxS\amd64_microsoft.windows.common-controls_6595b64144ccf1df_6.0.26100.8457_none_3e0b2faee331e92d\COMCTL32.dll
0x00007ff949980000 - 0x00007ff949aac000 	C:\WINDOWS\System32\gdi32full.dll
0x00007ff949380000 - 0x00007ff949423000 	C:\WINDOWS\System32\msvcp_win.dll
0x00007ff94c630000 - 0x00007ff94c6d9000 	C:\WINDOWS\System32\msvcrt.dll
0x00007ff94c290000 - 0x00007ff94c2c2000 	C:\WINDOWS\System32\IMM32.DLL
0x00007ff93a1b0000 - 0x00007ff93a1bc000 	C:\Program Files\Eclipse Adoptium\jdk-17.0.18.8-hotspot\bin\vcruntime140_1.dll
0x00007ff8fa6d0000 - 0x00007ff8fa75d000 	C:\Program Files\Eclipse Adoptium\jdk-17.0.18.8-hotspot\bin\msvcp140.dll
0x00007ff8bbf40000 - 0x00007ff8bcbab000 	C:\Program Files\Eclipse Adoptium\jdk-17.0.18.8-hotspot\bin\server\jvm.dll
0x00007ff94b050000 - 0x00007ff94b106000 	C:\WINDOWS\System32\ADVAPI32.dll
0x00007ff94b110000 - 0x00007ff94b1b7000 	C:\WINDOWS\System32\sechost.dll
0x00007ff94b970000 - 0x00007ff94ba88000 	C:\WINDOWS\System32\RPCRT4.dll
0x00007ff94c200000 - 0x00007ff94c280000 	C:\WINDOWS\System32\WS2_32.dll
0x00007ff9410f0000 - 0x00007ff941126000 	C:\WINDOWS\SYSTEM32\WINMM.dll
0x00007ff948fb0000 - 0x00007ff94900e000 	C:\WINDOWS\SYSTEM32\POWRPROF.dll
0x00007ff941130000 - 0x00007ff94113b000 	C:\WINDOWS\SYSTEM32\VERSION.dll
0x00007ff948f90000 - 0x00007ff948fa4000 	C:\WINDOWS\SYSTEM32\UMPDC.dll
0x00007ff9475b0000 - 0x00007ff9475cb000 	C:\WINDOWS\SYSTEM32\kernel.appcore.dll
0x00007ff932ad0000 - 0x00007ff932ada000 	C:\Program Files\Eclipse Adoptium\jdk-17.0.18.8-hotspot\bin\jimage.dll
0x00007ff948900000 - 0x00007ff948b42000 	C:\WINDOWS\SYSTEM32\DBGHELP.DLL
0x00007ff94bc90000 - 0x00007ff94c013000 	C:\WINDOWS\System32\combase.dll
0x00007ff94a560000 - 0x00007ff94a639000 	C:\WINDOWS\System32\OLEAUT32.dll
0x00007ff9487f0000 - 0x00007ff94882b000 	C:\WINDOWS\SYSTEM32\dbgcore.DLL
0x00007ff949180000 - 0x00007ff949228000 	C:\WINDOWS\System32\bcryptPrimitives.dll
0x00007ff932aa0000 - 0x00007ff932ac5000 	C:\Program Files\Eclipse Adoptium\jdk-17.0.18.8-hotspot\bin\java.dll
0x00007ff8d78b0000 - 0x00007ff8d7987000 	C:\Program Files\Eclipse Adoptium\jdk-17.0.18.8-hotspot\bin\jsvml.dll
0x00007ff94b1e0000 - 0x00007ff94b94e000 	C:\WINDOWS\System32\SHELL32.dll
0x00007ff949c30000 - 0x00007ff94a49c000 	C:\WINDOWS\System32\windows.storage.dll
0x00007ff94c2d0000 - 0x00007ff94c3c6000 	C:\WINDOWS\System32\SHCORE.dll
0x00007ff94a4c0000 - 0x00007ff94a526000 	C:\WINDOWS\System32\shlwapi.dll
0x00007ff949070000 - 0x00007ff949099000 	C:\WINDOWS\SYSTEM32\profapi.dll
0x00007ff92a840000 - 0x00007ff92a85a000 	C:\Program Files\Eclipse Adoptium\jdk-17.0.18.8-hotspot\bin\net.dll
0x00007ff93ed60000 - 0x00007ff93ee89000 	C:\WINDOWS\SYSTEM32\WINHTTP.dll
0x00007ff947b20000 - 0x00007ff947b8c000 	C:\WINDOWS\system32\mswsock.dll
0x00007ff907c00000 - 0x00007ff907c16000 	C:\Program Files\Eclipse Adoptium\jdk-17.0.18.8-hotspot\bin\nio.dll
0x00007ff907be0000 - 0x00007ff907bf8000 	C:\Program Files\Eclipse Adoptium\jdk-17.0.18.8-hotspot\bin\zip.dll
0x00007ff93a7e0000 - 0x00007ff93a7f0000 	C:\Program Files\Eclipse Adoptium\jdk-17.0.18.8-hotspot\bin\verify.dll
0x00007ff8fa7d0000 - 0x00007ff8fa7f7000 	C:\Users\sotol\.gradle\native\c067742578af261105cb4f569cf0c3c89f3d7b1fecec35dd04571415982c5e48\windows-amd64\native-platform.dll
0x00007ff8bb870000 - 0x00007ff8bb9b4000 	C:\Users\sotol\.gradle\native\38dada09dfb8b06ba9b0570ebf7e218e3eb74d4ef43ca46872605cf95ebc2f47\windows-amd64\native-platform-file-events.dll
0x00007ff931260000 - 0x00007ff93126a000 	C:\Program Files\Eclipse Adoptium\jdk-17.0.18.8-hotspot\bin\management.dll
0x00007ff92a830000 - 0x00007ff92a83c000 	C:\Program Files\Eclipse Adoptium\jdk-17.0.18.8-hotspot\bin\management_ext.dll
0x00007ff94b960000 - 0x00007ff94b968000 	C:\WINDOWS\System32\PSAPI.DLL
0x00007ff948c70000 - 0x00007ff948c8b000 	C:\WINDOWS\SYSTEM32\CRYPTSP.dll
0x00007ff947ae0000 - 0x00007ff947b19000 	C:\WINDOWS\system32\rsaenh.dll
0x00007ff947bd0000 - 0x00007ff947c03000 	C:\WINDOWS\SYSTEM32\USERENV.dll
0x00007ff949040000 - 0x00007ff94906a000 	C:\WINDOWS\SYSTEM32\bcrypt.dll
0x00007ff947e50000 - 0x00007ff947e5c000 	C:\WINDOWS\SYSTEM32\CRYPTBASE.dll
0x00007ff946fe0000 - 0x00007ff947012000 	C:\WINDOWS\SYSTEM32\IPHLPAPI.DLL
0x00007ff94acd0000 - 0x00007ff94acda000 	C:\WINDOWS\System32\NSI.dll
0x00007ff941600000 - 0x00007ff94161d000 	C:\WINDOWS\SYSTEM32\dhcpcsvc6.DLL
0x00007ff941140000 - 0x00007ff941165000 	C:\WINDOWS\SYSTEM32\dhcpcsvc.DLL
0x00007ff947070000 - 0x00007ff9471a2000 	C:\WINDOWS\SYSTEM32\DNSAPI.dll
0x00007ff9165c0000 - 0x00007ff9165c9000 	C:\Program Files\Eclipse Adoptium\jdk-17.0.18.8-hotspot\bin\extnet.dll
0x00007ff93a7c0000 - 0x00007ff93a7ce000 	C:\Program Files\Eclipse Adoptium\jdk-17.0.18.8-hotspot\bin\sunmscapi.dll
0x00007ff949ab0000 - 0x00007ff949c28000 	C:\WINDOWS\System32\CRYPT32.dll
0x00007ff948210000 - 0x00007ff948240000 	C:\WINDOWS\SYSTEM32\ncrypt.dll
0x00007ff9481c0000 - 0x00007ff9481ff000 	C:\WINDOWS\SYSTEM32\NTASN1.dll
0x00007ff8d5120000 - 0x00007ff8d5128000 	C:\WINDOWS\system32\wshunix.dll

dbghelp: loaded successfully - version: 4.0.5 - missing functions: none
symbol engine: initialized successfully - sym options: 0x614 - pdb path: .;C:\Program Files\Eclipse Adoptium\jdk-17.0.18.8-hotspot\bin;C:\WINDOWS\SYSTEM32;C:\WINDOWS\WinSxS\amd64_microsoft.windows.common-controls_6595b64144ccf1df_6.0.26100.8457_none_3e0b2faee331e92d;C:\Program Files\Eclipse Adoptium\jdk-17.0.18.8-hotspot\bin\server;C:\Users\sotol\.gradle\native\c067742578af261105cb4f569cf0c3c89f3d7b1fecec35dd04571415982c5e48\windows-amd64;C:\Users\sotol\.gradle\native\38dada09dfb8b06ba9b0570ebf7e218e3eb74d4ef43ca46872605cf95ebc2f47\windows-amd64

VM Arguments:
jvm_args: -XX:MaxMetaspaceSize=256m --add-opens=java.base/java.util=ALL-UNNAMED --add-opens=java.base/java.lang=ALL-UNNAMED --add-opens=java.base/java.lang.invoke=ALL-UNNAMED --add-opens=java.prefs/java.util.prefs=ALL-UNNAMED --add-opens=java.base/java.nio.charset=ALL-UNNAMED --add-opens=java.base/java.net=ALL-UNNAMED --add-opens=java.base/java.util.concurrent.atomic=ALL-UNNAMED -Xmx512m -Dfile.encoding=windows-1252 -Duser.country=US -Duser.language=en -Duser.variant 
java_command: org.gradle.launcher.daemon.bootstrap.GradleDaemon 7.6.3
java_class_path (initial): C:\Users\sotol\.gradle\wrapper\dists\gradle-7.6.3-all\aocdy2d2z8kodnny3rsumj8i8\gradle-7.6.3\lib\gradle-launcher-7.6.3.jar
Launcher Type: SUN_STANDARD

[Global flags]
     intx CICompilerCount                          = 4                                         {product} {ergonomic}
   size_t CompressedClassSpaceSize                 = 218103808                                 {product} {ergonomic}
     uint ConcGCThreads                            = 3                                         {product} {ergonomic}
     uint G1ConcRefinementThreads                  = 10                                        {product} {ergonomic}
   size_t G1HeapRegionSize                         = 1048576                                   {product} {ergonomic}
    uintx GCDrainStackTargetSize                   = 64                                        {product} {ergonomic}
   size_t InitialHeapSize                          = 123731968                                 {product} {ergonomic}
   size_t MarkStackSize                            = 4194304                                   {product} {ergonomic}
   size_t MaxHeapSize                              = 536870912                                 {product} {command line}
   size_t MaxMetaspaceSize                         = 268435456                                 {product} {command line}
   size_t MaxNewSize                               = 321912832                                 {product} {ergonomic}
   size_t MinHeapDeltaBytes                        = 1048576                                   {product} {ergonomic}
   size_t MinHeapSize                              = 8388608                                   {product} {ergonomic}
    uintx NonNMethodCodeHeapSize                   = 5839372                                {pd product} {ergonomic}
    uintx NonProfiledCodeHeapSize                  = 122909434                              {pd product} {ergonomic}
    uintx ProfiledCodeHeapSize                     = 122909434                              {pd product} {ergonomic}
    uintx ReservedCodeCacheSize                    = 251658240                              {pd product} {ergonomic}
     bool SegmentedCodeCache                       = true                                      {product} {ergonomic}
   size_t SoftMaxHeapSize                          = 536870912                              {manageable} {ergonomic}
     bool UseCompressedClassPointers               = true                           {product lp64_product} {ergonomic}
     bool UseCompressedOops                        = true                           {product lp64_product} {ergonomic}
     bool UseG1GC                                  = true                                      {product} {ergonomic}
     bool UseLargePagesIndividualAllocation        = false                                  {pd product} {ergonomic}

Logging:
Log output configuration:
 #0: stdout all=warning uptime,level,tags
 #1: stderr all=off uptime,level,tags

Environment Variables:
JAVA_HOME=C:\Program Files\Eclipse Adoptium\jdk-17.0.18.8-hotspot
PATH=C:\Users\sotol\OneDrive - Estudiantes ITCR\Tareas TEC\Quinto Semestre\Bases de Datos\TECAir\mobile\node_modules\.bin;C:\Users\sotol\OneDrive - Estudiantes ITCR\Tareas TEC\Quinto Semestre\Bases de Datos\TECAir\mobile\node_modules\.bin;C:\Users\sotol\OneDrive - Estudiantes ITCR\Tareas TEC\Quinto Semestre\Bases de Datos\TECAir\node_modules\.bin;C:\Users\sotol\OneDrive - Estudiantes ITCR\Tareas TEC\Quinto Semestre\Bases de Datos\node_modules\.bin;C:\Users\sotol\OneDrive - Estudiantes ITCR\Tareas TEC\Quinto Semestre\node_modules\.bin;C:\Users\sotol\OneDrive - Estudiantes ITCR\Tareas TEC\node_modules\.bin;C:\Users\sotol\OneDrive - Estudiantes ITCR\node_modules\.bin;C:\Users\sotol\node_modules\.bin;C:\Users\node_modules\.bin;C:\node_modules\.bin;C:\Program Files\nodejs\node_modules\npm\node_modules\@npmcli\run-script\lib\node-gyp-bin;C:\Program Files\Eclipse Adoptium\jdk-17.0.18.8-hotspot\bin;C:\WINDOWS\system32;C:\WINDOWS;C:\WINDOWS\System32\Wbem;C:\WINDOWS\System32\WindowsPowerShell\v1.0\;C:\WINDOWS\System32\OpenSSH\;C:\Program Files\dotnet\;C:\Program Files\Git\cmd;C:\Program Files\Microsoft SQL Server\Client SDK\ODBC\170\Tools\Binn\;C:\msys64\ucrt64\bin;C:\Program Files\CMake\bin;C:\vcpkg;C:\vcpkg\installed\x64-windows\tools\grpc;C:\vcpkg\installed\x64-windows\tools\protobuf;C:\Program Files\PowerShell\7-preview\preview;C:\Program Files (x86)\Windows Kits\10\Windows Performance Toolkit\;C:\raylib\raylib\src\raylib.h;C:\Users\sotol\AppData\Local\Android\Sdk\platform-tools;C:\Users\sotol\AppData\Local\Android\Sdk\emulator;C:\Users\sotol\AppData\Local\Android\Sdk\tools;C:\Users\sotol\AppData\Local\Android\Sdk\tools\bin;C:\Users\sotol\AppData\Local\Programs\Eclipse Adoptium\jdk-21.0.10.7-hotspot\bin;C:\Program Files\nodejs\;C:\ProgramData\chocolatey\bin;C:\Program Files (x86)\Microsoft SQL Server\170\Tools\Binn\;C:\Program Files\Microsoft SQL Server\170\Tools\Binn\;C:\Program Files\Microsoft SQL Server\Client SDK\ODBC\180\Tools\Binn\;C:\Program Files\Microsoft SQL Server\170\DTS\Binn\;C:\WINDOWS\system32;C:\WINDOWS;C:\WINDOWS\System32\Wbem;C:\WINDOWS\System32\WindowsPowerShell\v1.0\;C:\WINDOWS\System32\OpenSSH\;C:\Program Files\dotnet\;C:\Program Files\Git\cmd;C:\Program Files\Microsoft SQL Server\Client SDK\ODBC\170\Tools\Binn\;C:\msys64\ucrt64\bin;C:\Program Files\CMake\bin;C:\vcpkg;C:\vcpkg\installed\x64-windows\tools\grpc;C:\vcpkg\installed\x64-windows\tools\protobuf;C:\Program Files\PowerShell\7-preview\preview;C:\Program Files\Microsoft SQL Server\150\Tools\Binn\;C:\Program Files (x86)\Windows Kits\10\Windows Performance Toolkit\;C:\raylib\raylib\src\raylib.h;C:\Program Files\nodejs\;C:\Users\sotol\AppData\Local\Android\Sdk\platform-tools;C:\Users\sotol\AppData\Local\Android\Sdk\emulator;C:\Users\sotol\AppData\Local\Android\Sdk\tools;C:\Users\sotol\AppData\Local\Android\Sdk\tools\bin;C:\WINDOWS\system32;C:\WINDOWS;C:\WINDOWS\System32\Wbem;C:\WINDOWS\System32\WindowsPowerShell\v1.0\;C:\WINDOWS\System32\OpenSSH\;C:\Program Files\dotnet\;C:\Program Files\Git\cmd;C:\Program Files\Microso;C:\Users\sotol\AppData\Local\Programs\Microsoft VS Code\bin;C:\Users\sotol\AppData\Roaming\npm
USERNAME=sotol
OS=Windows_NT
PROCESSOR_IDENTIFIER=AMD64 Family 23 Model 104 Stepping 1, AuthenticAMD
TMP=C:\Users\sotol\AppData\Local\Temp
TEMP=C:\Users\sotol\AppData\Local\Temp



Periodic native trim disabled


---------------  S Y S T E M  ---------------

OS:
 Windows 11 , 64 bit Build 26100 (10.0.26100.8328)
OS uptime: 6 days 9:22 hours
Hyper-V role detected

CPU: total 12 (initial active 12) (12 cores per cpu, 2 threads per core) family 23 model 104 stepping 1 microcode 0x8608109, cx8, cmov, fxsr, ht, mmx, 3dnowpref, sse, sse2, sse3, ssse3, sse4a, sse4.1, sse4.2, popcnt, lzcnt, tsc, tscinvbit, avx, avx2, aes, clmul, bmi1, bmi2, adx, sha, fma, vzeroupper, clflush, clflushopt, hv
Processor Information for all 12 processors :
  Max Mhz: 2100, Current Mhz: 2100, Mhz Limit: 2100

Memory: 4k page, system-wide physical 7528M (515M free)
TotalPageFile size 31080M (AvailPageFile size 7M)
current process WorkingSet (physical memory assigned to process): 258M, peak: 277M
current process commit charge ("private bytes"): 299M, peak: 317M

vm_info: OpenJDK 64-Bit Server VM (17.0.18+8) for windows-amd64 JRE (17.0.18+8), built on Jan 20 2026 22:28:22 by "admin" with MS VC++ 17.12 (VS2022)

END.
